<?xml version="1.0" encoding="UTF-8"?>
<testng-results ignored="0" total="2" passed="2" failed="0" skipped="0">
  <reporter-output>
    <line>
      <![CDATA[The name of loginPage is Failed]]>
    </line>
    <line>
      <![CDATA[The name of homePage is Failed]]>
    </line>
  </reporter-output>
  <suite started-at="2023-02-03T23:24:05 IST" name="Default suite" finished-at="2023-02-03T23:24:17 IST" duration-ms="11337">
    <groups>
    </groups>
    <test started-at="2023-02-03T23:24:05 IST" name="Default test" finished-at="2023-02-03T23:24:17 IST" duration-ms="11337">
      <class name="takesScreenshotDynamic.ActiTimeTestNgLogin">
        <test-method is-config="true" signature="setUp()[pri:0, instance:takesScreenshotDynamic.ActiTimeTestNgLogin@53976f5c]" started-at="2023-02-03T23:24:05 IST" name="setUp" finished-at="2023-02-03T23:24:09 IST" duration-ms="3766" status="PASS">
          <reporter-output>
          </reporter-output>
        </test-method> <!-- setUp -->
        <test-method signature="loginPage()[pri:0, instance:takesScreenshotDynamic.ActiTimeTestNgLogin@53976f5c]" started-at="2023-02-03T23:24:09 IST" name="loginPage" finished-at="2023-02-03T23:24:09 IST" duration-ms="168" status="PASS">
          <reporter-output>
            <line>
              <![CDATA[The name of loginPage is Failed]]>
            </line>
          </reporter-output>
        </test-method> <!-- loginPage -->
        <test-method is-config="true" signature="tearDown()[pri:0, instance:takesScreenshotDynamic.ActiTimeTestNgLogin@53976f5c]" started-at="2023-02-03T23:24:10 IST" name="tearDown" finished-at="2023-02-03T23:24:10 IST" duration-ms="216" status="PASS">
          <reporter-output>
          </reporter-output>
        </test-method> <!-- tearDown -->
        <test-method is-config="true" signature="setUp()[pri:0, instance:takesScreenshotDynamic.ActiTimeTestNgLogin@53976f5c]" started-at="2023-02-03T23:24:10 IST" name="setUp" finished-at="2023-02-03T23:24:11 IST" duration-ms="925" status="PASS">
          <reporter-output>
          </reporter-output>
        </test-method> <!-- setUp -->
        <test-method signature="homePage()[pri:1, instance:takesScreenshotDynamic.ActiTimeTestNgLogin@53976f5c]" started-at="2023-02-03T23:24:11 IST" name="homePage" finished-at="2023-02-03T23:24:16 IST" duration-ms="4551" status="PASS">
          <reporter-output>
            <line>
              <![CDATA[The name of homePage is Failed]]>
            </line>
          </reporter-output>
        </test-method> <!-- homePage -->
        <test-method is-config="true" signature="tearDown()[pri:0, instance:takesScreenshotDynamic.ActiTimeTestNgLogin@53976f5c]" started-at="2023-02-03T23:24:16 IST" name="tearDown" finished-at="2023-02-03T23:24:17 IST" duration-ms="899" status="PASS">
          <reporter-output>
          </reporter-output>
        </test-method> <!-- tearDown -->
      </class> <!-- takesScreenshotDynamic.ActiTimeTestNgLogin -->
    </test> <!-- Default test -->
  </suite> <!-- Default suite -->
</testng-results>
